Aug  9 16:25:25 quad 4720 oae.cron Job Starting for 2013-08-02.
Aug  9 16:25:25 quad 4720 oae.cron WGET error.
Aug  9 16:25:25 quad 4720 oae.cron Job Completed for 2013-08-02.
Aug 12 10:10:32 quad 12378 audit_subnet.sh Job Starting
Aug 12 10:10:32 quad 12378 audit_subnet.sh Scanning Subnet: 192.168.61.0/24
Aug 12 10:10:37 quad 12378 audit_subnet.sh Scanning Host: 192.168.61.1
Aug 12 10:10:39 quad 12378 audit_subnet.sh Scanning Host: 192.168.61.113
Aug 12 10:10:47 quad 12378 audit_subnet.sh Scanning Host: 192.168.61.129
Aug 12 10:11:01 quad 12378 audit_subnet.sh Scanning Host: 192.168.61.137
Aug 12 10:11:14 quad 12378 audit_subnet.sh Scanning Host: 192.168.61.138
Aug 12 10:11:26 quad 12378 audit_subnet.sh Scanning Host: 192.168.61.254
Aug 12 10:11:28 quad 12378 audit_subnet.sh Scan completed.
Aug 12 10:11:28 quad 12378 audit_subnet.sh Submitting online.
Aug 12 10:11:35 quad 12378 audit_subnet.sh Job Complete.
Aug 12 10:22:28 quad 12693 audit_subnet.sh Job Starting
Aug 12 10:22:28 quad 12693 audit_subnet.sh Scanning Subnet: 192.168.0.1/32
Aug 12 10:22:28 quad 12693 audit_subnet.sh Scanning Host: 192.168.0.1
Aug 12 10:22:50 quad 12693 audit_subnet.sh Scan completed.
Aug 12 10:22:50 quad 12693 audit_subnet.sh Submitting online.
Aug 12 10:22:51 quad 12693 audit_subnet.sh Job Complete.
Aug 12 12:44:38 quad 14224 oae.cron Job Starting for 2013-08-12.
Aug 12 12:44:38 quad 14224 oae.cron WGET error.
Aug 12 12:44:39 quad 14224 oae.cron Job Completed for 2013-08-12.
Aug 12 12:53:28 quad 14375 oae.cron Job Starting for 2013-08-11.
Aug 12 12:53:28 quad 14375 oae.cron WGET error.
Aug 12 12:53:28 quad 14375 oae.cron Job Completed for 2013-08-11.
Aug 12 12:53:30 quad 14398 oae.cron Job Starting for 2013-08-12.
Aug 12 12:53:30 quad 14398 oae.cron WGET error.
Aug 12 12:53:30 quad 14398 oae.cron Job Completed for 2013-08-12.
Aug 12 12:53:31 quad 14420 oae.cron Job Starting for 2013-08-13.
Aug 12 12:53:31 quad 14420 oae.cron WGET error.
Aug 12 12:53:31 quad 14420 oae.cron Job Completed for 2013-08-13.
Aug 12 12:56:10 quad 14459 oae.cron Job Starting for 2013-08-12.
Aug 12 12:56:10 quad 14459 oae.cron WGET error.
Aug 12 12:56:10 quad 14459 oae.cron Job Completed for 2013-08-12.
Aug 12 12:58:41 quad 14482 oae.cron Job Starting for 2013-08-12.
Aug 12 12:58:41 quad 14482 oae.cron WGET error.
Aug 12 12:58:41 quad 14482 oae.cron Job Completed for 2013-08-12.
Aug 12 12:58:57 quad 14505 oae.cron Job Starting for 2013-08-12.
Aug 12 12:58:57 quad 14505 oae.cron WGET error.
Aug 12 12:58:57 quad 14505 oae.cron Job Completed for 2013-08-12.
Aug 12 12:59:20 quad 14526 oae.cron Job Starting for 2013-08-12.
Aug 12 12:59:20 quad 14526 oae.cron WGET error.
Aug 12 12:59:20 quad 14526 oae.cron Job Completed for 2013-08-12.
Aug 12 13:36:06 quad 14995 oae.cron Job Starting for 2013-08-12.
Aug 12 13:36:06 quad 14995 oae.cron WGET error.
Aug 12 13:36:06 quad 14995 oae.cron Job Completed for 2013-08-12.
Aug 12 13:36:38 quad 15018 oae.cron Job Starting for 2013-08-12.
Aug 12 13:36:38 quad 15018 oae.cron WGET error.
Aug 12 13:36:38 quad 15018 oae.cron Job Completed for 2013-08-12.
Aug 12 13:38:19 quad 15042 oae.cron Job Starting for 2013-08-12.
Aug 12 13:38:19 quad 15042 oae.cron WGET error.
Aug 12 13:38:19 quad 15042 oae.cron Job Completed for 2013-08-12.
Aug 12 13:39:47 quad 15119 oae.cron Job Starting for 2013-08-12.
Aug 12 13:39:47 quad 15119 oae.cron WGET error.
Aug 12 13:39:47 quad 15119 oae.cron Job Completed for 2013-08-12.
Aug 12 13:41:53 quad 15152 oae.cron Job Starting for 2013-08-12.
Aug 12 13:41:53 quad 15152 oae.cron WGET error.
Aug 12 13:41:53 quad 15152 oae.cron Job Completed for 2013-08-12.
Aug 12 13:42:44 quad 15175 oae.cron Job Starting for 2013-08-12.
Aug 12 13:42:44 quad 15175 oae.cron WGET completed.
Aug 12 13:42:45 quad 15175 oae.cron Job Completed for 2013-08-12.
Aug 12 13:43:19 quad 15209 oae.cron Job Starting for 2013-08-10.
Aug 12 13:43:19 quad 15209 oae.cron WGET completed.
Aug 12 13:43:19 quad 15209 oae.cron Job Completed for 2013-08-10.
Aug 12 13:43:21 quad 15230 oae.cron Job Starting for 2013-08-11.
Aug 12 13:43:21 quad 15230 oae.cron WGET completed.
Aug 12 13:43:21 quad 15230 oae.cron Job Completed for 2013-08-11.
Aug 12 13:43:22 quad 15251 oae.cron Job Starting for 2013-08-12.
Aug 12 13:43:22 quad 15251 oae.cron WGET completed.
Aug 12 13:43:22 quad 15251 oae.cron Job Completed for 2013-08-12.
Aug 12 13:43:23 quad 15272 oae.cron Job Starting for 2013-08-13.
Aug 12 13:43:23 quad 15272 oae.cron WGET completed.
Aug 12 13:43:23 quad 15272 oae.cron Job Completed for 2013-08-13.
Aug 15 12:09:00 quad 6016 oae.cron Job Starting for 2013-08-13.
Aug 15 12:09:00 quad 6016 oae.cron WGET error.
Aug 15 12:09:00 quad 6016 oae.cron Job Completed for 2013-08-13.
Aug 15 12:09:02 quad 6050 oae.cron Job Starting for 2013-08-14.
Aug 15 12:09:02 quad 6050 oae.cron WGET error.
Aug 15 12:09:02 quad 6050 oae.cron Job Completed for 2013-08-14.
Aug 15 12:09:03 quad 6072 oae.cron Job Starting for 2013-08-15.
Aug 15 12:09:03 quad 6072 oae.cron WGET error.
Aug 15 12:09:03 quad 6072 oae.cron Job Completed for 2013-08-15.
Aug 15 12:09:42 quad 6105 oae.cron Job Starting for 2013-08-15.
Aug 15 12:09:42 quad 6105 oae.cron WGET error.
Aug 15 12:09:42 quad 6105 oae.cron Job Completed for 2013-08-15.
Aug 15 12:09:44 quad 6128 oae.cron Job Starting for 2013-08-14.
Aug 15 12:09:44 quad 6128 oae.cron WGET error.
Aug 15 12:09:44 quad 6128 oae.cron Job Completed for 2013-08-14.
Aug 15 12:13:24 quad 6209 oae.cron Job Starting for 2013-08-16.
Aug 15 12:13:24 quad 6209 oae.cron WGET error.
Aug 15 12:13:24 quad 6209 oae.cron Job Completed for 2013-08-16.
Aug 15 12:14:28 quad 6253 oae.cron Job Starting for 2013-08-16.
Aug 15 12:14:28 quad 6253 oae.cron WGET completed.
Aug 15 12:14:29 quad 6253 oae.cron Job Completed for 2013-08-16.
Aug 15 12:15:20 quad 6294 oae.cron Job Starting for 2013-08-15.
Aug 15 12:15:20 quad 6294 oae.cron WGET completed.
Aug 15 12:15:20 quad 6294 oae.cron Job Completed for 2013-08-15.
Aug 15 12:15:22 quad 6315 oae.cron Job Starting for 2013-08-14.
Aug 15 12:15:22 quad 6315 oae.cron WGET completed.
Aug 15 12:15:22 quad 6315 oae.cron Job Completed for 2013-08-14.
Aug 15 15:19:50 quad 9421 oae.cron Job Starting for 2013-08-16.
Aug 15 15:19:50 quad 9421 oae.cron WGET completed.
Aug 15 15:19:50 quad 9421 oae.cron Job Completed for 2013-08-16.
